2023-12-07 20:07:04,709 - diff-model - INFO - Is Cuda Available? True
2023-12-07 20:07:04,710 - diff-model - INFO - Starting training at 2023-12-07 20:07:02.643517 with device = cuda
params: dataset = mvn,n_epochs= 10000 batch_size = 64000loss-ema-alpha = 0.1
Optimizer = Adam (
Parameter Group 0
    amsgrad: False
    betas: (0.9, 0.999)
    capturable: False
    differentiable: False
    eps: 1e-08
    foreach: None
    fused: None
    lr: 0.0001
    maximize: False
    weight_decay: 0
)
Model = DiffusionModel(
  (model): MLP(
    (network_head): Sequential(
      (0): Linear(in_features=2, out_features=128, bias=True)
      (1): ReLU()
      (2): Linear(in_features=128, out_features=128, bias=True)
      (3): ReLU()
    )
    (network_tail): ModuleList(
      (0-39): 40 x Sequential(
        (0): Linear(in_features=128, out_features=128, bias=True)
        (1): ReLU()
        (2): Linear(in_features=128, out_features=4, bias=True)
      )
    )
  )
)
2023-12-07 20:07:05,028 - diff-model - INFO - After epoch = 1 ,ema_alpha = 0.1,KL loss ema  = 15.509481430053711
2023-12-07 20:10:14,602 - diff-model - INFO - After epoch = 10000 ,ema_alpha = 0.1,KL loss ema  = 1.4717357227902792
2023-12-07 20:10:14,755 - diff-model - INFO - Writing output image Imgs/diffusion_model_mvn_nepochs_10000_2023-12-07T20:07:02.643081.png
2023-12-07 20:10:16,453 - diff-model - INFO - Training finished in 193 seconds
